
<!doctype html>
<html lang="en">
  <head>
    <meta charset="utf-8">
    <meta name="viewport" content="width=device-width, initial-scale=1, shrink-to-fit=no">
    <meta name="description" content="">
    <meta name="author" content="">
    <link rel="icon" href="logo.png" type="image/x-icon">
    <title>四川德杉浩睿科技有限责任公司</title>
    <!-- Bootstrap core CSS -->
    <link href="https://getbootstrap.com/docs/4.1/dist/css/bootstrap.min.css" rel="stylesheet">

    <!-- Custom styles for this template -->
    <link href="https://getbootstrap.com/docs/4.1/examples/jumbotron/jumbotron.css" rel="stylesheet">
  </head>

  <body>

    <nav class="navbar navbar-expand-md navbar-dark fixed-top bg-dark">
      <a class="navbar-brand" href="#">小黄龙</a>
      <button class="navbar-toggler" type="button" data-toggle="collapse" data-target="#navbarsExampleDefault" aria-controls="navbarsExampleDefault" aria-expanded="false" aria-label="Toggle navigation">
        <span class="navbar-toggler-icon"></span>
      </button>
      
    </nav>

    <main role="main">

      <!-- Main jumbotron for a primary marketing message or call to action -->
      <div class="jumbotron">
        <div class="container">
          <h1 class="display-3">四川德杉浩睿科技有限责任公司</h1>
          <p>小黄龙回收是专业从事再生资源智慧绿色回收及智能智造一体化解决方案的科技平台。致力于互联网/物联网+城市环卫系统/再生资源系统“两网融合”的高效智慧的绿色回收体系。</p>

				<p>小黄龙回收通过互联网SAAS服务、大数据、人工智能和物联网、智能智造、智能检测等先进科技，实现对生活垃圾、工业废品、弃废机构的前端分类回收、分拣、运输、集中处理的“物联网+智能回收” 新模式和新业态。
                小黄龙回收打通线上线下回收行业生态圈，赋能并将群众、废品回收商、再生资源产业、垃圾处理事业单位等有机整合，打造一套高效、智能、数据化、可监控、安全、完整的B2b2C形态废品回收生态链。</p>
				<p>小黄龙回收创新的提出并践行B2b2C模式：B分拣中心/打包站 &lt;&lt; b废品回收站 &lt;&lt;C废品回收个体/收荒匠（Collector），不断的研发和升级再生资源智能智造系统，为回收行业B端企业及客户提供智能智造软硬件解决方案的系统平台，包含分拣中心、打包站管理系统及仓促管理系统、回收站管理系统及仓储保险、从业安全等金融服务解决方案提供等。
</p>
			

        </div>
      </div>

     
        <hr>

      </div> <!-- /container -->

    </main>

    <footer class="container">
      <p>&copy; 四川德杉浩睿科技有限责任公司</p>
    </footer>

    <!-- Bootstrap core JavaScript
    ================================================== -->
    <!-- Placed at the end of the document so the pages load faster -->
    <script src="https://code.jquery.com/jquery-3.3.1.slim.min.js" integrity="sha384-q8i/X+965DzO0rT7abK41JStQIAqVgRVzpbzo5smXKp4YfRvH+8abtTE1Pi6jizo" crossorigin="anonymous"></script>
    <script>window.jQuery || document.write('<script src="https://code.jquery.com/jquery-3.3.1.slim.min.js"><\/script>')</script>
    <script src="https://getbootstrap.com/docs/4.1/assets/js/vendor/popper.min.js"></script>
    <script src="https://getbootstrap.com/docs/4.1/dist/js/bootstrap.min.js"></script>
  </body>
</html>







